<?xml version="1.0" encoding="UTF-8"?>
<testng-results ignored="0" total="1" passed="1" failed="0" skipped="0">
  <reporter-output>
  </reporter-output>
  <suite started-at="2026-02-20T17:01:31 IST" name="Default suite" finished-at="2026-02-20T17:02:41 IST" duration-ms="69589">
    <groups>
    </groups>
    <test started-at="2026-02-20T17:01:31 IST" name="Default test" finished-at="2026-02-20T17:02:41 IST" duration-ms="69589">
      <class name="Tasks.PaginationTable">
        <test-method signature="paginationTableTest()[pri:0, instance:Tasks.PaginationTable@c730b35]" started-at="2026-02-20T17:01:31 IST" name="paginationTableTest" finished-at="2026-02-20T17:02:41 IST" duration-ms="69475" status="PASS">
          <reporter-output>
          </reporter-output>
        </test-method> <!-- paginationTableTest -->
      </class> <!-- Tasks.PaginationTable -->
    </test> <!-- Default test -->
  </suite> <!-- Default suite -->
</testng-results>
